2024-08-07 00:21:51.753  INFO 22696 --- [http-nio-8081-exec-1] o.a.c.c.C.[Tomcat].[localhost].[/]       : Initializing Spring DispatcherServlet 'dispatcherServlet'
2024-08-07 00:21:51.763  INFO 22696 --- [http-nio-8081-exec-1] o.s.web.servlet.DispatcherServlet        : Initializing Servlet 'dispatcherServlet'
2024-08-07 00:21:51.770  INFO 22696 --- [http-nio-8081-exec-1] o.s.web.servlet.DispatcherServlet        : Completed initialization in 6 ms
2024-08-07 00:22:07.304  WARN 22696 --- [http-nio-8081-exec-9] o.a.c.util.SessionIdGeneratorBase        : Creation of SecureRandom instance for session ID generation using [SHA1PRNG] took [368] milliseconds.
2024-08-07 00:27:11.150  INFO 15800 --- [main] com.beyond.teenkiri.TeenkiriApplication  : Starting TeenkiriApplication using Java 11.0.24 on DESKTOP-JB63H3G with PID 15800 (C:\Users\msi\Desktop\티니핑 프로젝트\TEENKIRI\TEENKIRI\code\teenkiri\build\classes\java\main started by msi in C:\Users\msi\Desktop\티니핑 프로젝트\TEENKIRI\TEENKIRI\code)
2024-08-07 00:27:11.157 DEBUG 15800 --- [main] com.beyond.teenkiri.TeenkiriApplication  : Running with Spring Boot v2.7.11, Spring v5.3.27
2024-08-07 00:27:11.158  INFO 15800 --- [main] com.beyond.teenkiri.TeenkiriApplication  : No active profile set, falling back to 1 default profile: "default"
2024-08-07 00:27:13.680  INFO 15800 --- [main] .s.d.r.c.RepositoryConfigurationDelegate : Multiple Spring Data modules found, entering strict repository configuration mode
2024-08-07 00:27:13.686  INFO 15800 --- [main] .s.d.r.c.RepositoryConfigurationDelegate : Bootstrapping Spring Data Redis repositories in DEFAULT mode.
2024-08-07 00:27:13.773  INFO 15800 --- [main] .s.d.r.c.RepositoryConfigurationDelegate : Finished Spring Data repository scanning in 32 ms. Found 0 Redis repository interfaces.
2024-08-07 00:27:14.426  INFO 15800 --- [main] .s.d.r.c.RepositoryConfigurationDelegate : Multiple Spring Data modules found, entering strict repository configuration mode
2024-08-07 00:27:14.429  INFO 15800 --- [main] .s.d.r.c.RepositoryConfigurationDelegate : Bootstrapping Spring Data JPA repositories in DEFAULT mode.
2024-08-07 00:27:15.282  INFO 15800 --- [main] .s.d.r.c.RepositoryConfigurationDelegate : Finished Spring Data repository scanning in 843 ms. Found 13 JPA repository interfaces.
2024-08-07 00:27:15.309  INFO 15800 --- [main] .s.d.r.c.RepositoryConfigurationDelegate : Multiple Spring Data modules found, entering strict repository configuration mode
2024-08-07 00:27:15.310  INFO 15800 --- [main] .s.d.r.c.RepositoryConfigurationDelegate : Bootstrapping Spring Data Redis repositories in DEFAULT mode.
2024-08-07 00:27:15.448  INFO 15800 --- [main] .RepositoryConfigurationExtensionSupport : Spring Data Redis - Could not safely identify store assignment for repository candidate interface com.beyond.teenkiri.chatting.repository.ChatMessageRepository; If you want this repository to be a Redis repository, consider annotating your entities with one of these annotations: org.springframework.data.redis.core.RedisHash (preferred), or consider extending one of the following types with your repository: org.springframework.data.keyvalue.repository.KeyValueRepository
2024-08-07 00:27:15.455  INFO 15800 --- [main] .RepositoryConfigurationExtensionSupport : Spring Data Redis - Could not safely identify store assignment for repository candidate interface com.beyond.teenkiri.comment.repository.CommentRepository; If you want this repository to be a Redis repository, consider annotating your entities with one of these annotations: org.springframework.data.redis.core.RedisHash (preferred), or consider extending one of the following types with your repository: org.springframework.data.keyvalue.repository.KeyValueRepository
2024-08-07 00:27:15.457  INFO 15800 --- [main] .RepositoryConfigurationExtensionSupport : Spring Data Redis - Could not safely identify store assignment for repository candidate interface com.beyond.teenkiri.course.repository.CourseRepository; If you want this repository to be a Redis repository, consider annotating your entities with one of these annotations: org.springframework.data.redis.core.RedisHash (preferred), or consider extending one of the following types with your repository: org.springframework.data.keyvalue.repository.KeyValueRepository
2024-08-07 00:27:15.459  INFO 15800 --- [main] .RepositoryConfigurationExtensionSupport : Spring Data Redis - Could not safely identify store assignment for repository candidate interface com.beyond.teenkiri.enrollment.repository.EnrollmentRepository; If you want this repository to be a Redis repository, consider annotating your entities with one of these annotations: org.springframework.data.redis.core.RedisHash (preferred), or consider extending one of the following types with your repository: org.springframework.data.keyvalue.repository.KeyValueRepository
2024-08-07 00:27:15.460  INFO 15800 --- [main] .RepositoryConfigurationExtensionSupport : Spring Data Redis - Could not safely identify store assignment for repository candidate interface com.beyond.teenkiri.event.repository.EventRepository; If you want this repository to be a Redis repository, consider annotating your entities with one of these annotations: org.springframework.data.redis.core.RedisHash (preferred), or consider extending one of the following types with your repository: org.springframework.data.keyvalue.repository.KeyValueRepository
2024-08-07 00:27:15.462  INFO 15800 --- [main] .RepositoryConfigurationExtensionSupport : Spring Data Redis - Could not safely identify store assignment for repository candidate interface com.beyond.teenkiri.lecture.repository.LectureRepository; If you want this repository to be a Redis repository, consider annotating your entities with one of these annotations: org.springframework.data.redis.core.RedisHash (preferred), or consider extending one of the following types with your repository: org.springframework.data.keyvalue.repository.KeyValueRepository
2024-08-07 00:27:15.463  INFO 15800 --- [main] .RepositoryConfigurationExtensionSupport : Spring Data Redis - Could not safely identify store assignment for repository candidate interface com.beyond.teenkiri.notice.repository.NoticeRepository; If you want this repository to be a Redis repository, consider annotating your entities with one of these annotations: org.springframework.data.redis.core.RedisHash (preferred), or consider extending one of the following types with your repository: org.springframework.data.keyvalue.repository.KeyValueRepository
2024-08-07 00:27:15.464  INFO 15800 --- [main] .RepositoryConfigurationExtensionSupport : Spring Data Redis - Could not safely identify store assignment for repository candidate interface com.beyond.teenkiri.post.repository.PostRepository; If you want this repository to be a Redis repository, consider annotating your entities with one of these annotations: org.springframework.data.redis.core.RedisHash (preferred), or consider extending one of the following types with your repository: org.springframework.data.keyvalue.repository.KeyValueRepository
2024-08-07 00:27:15.466  INFO 15800 --- [main] .RepositoryConfigurationExtensionSupport : Spring Data Redis - Could not safely identify store assignment for repository candidate interface com.beyond.teenkiri.qna.repository.QnARepository; If you want this repository to be a Redis repository, consider annotating your entities with one of these annotations: org.springframework.data.redis.core.RedisHash (preferred), or consider extending one of the following types with your repository: org.springframework.data.keyvalue.repository.KeyValueRepository
2024-08-07 00:27:15.470  INFO 15800 --- [main] .RepositoryConfigurationExtensionSupport : Spring Data Redis - Could not safely identify store assignment for repository candidate interface com.beyond.teenkiri.report.repository.ReportRepository; If you want this repository to be a Redis repository, consider annotating your entities with one of these annotations: org.springframework.data.redis.core.RedisHash (preferred), or consider extending one of the following types with your repository: org.springframework.data.keyvalue.repository.KeyValueRepository
2024-08-07 00:27:15.472  INFO 15800 --- [main] .RepositoryConfigurationExtensionSupport : Spring Data Redis - Could not safely identify store assignment for repository candidate interface com.beyond.teenkiri.subject.repository.SubjectRepository; If you want this repository to be a Redis repository, consider annotating your entities with one of these annotations: org.springframework.data.redis.core.RedisHash (preferred), or consider extending one of the following types with your repository: org.springframework.data.keyvalue.repository.KeyValueRepository
2024-08-07 00:27:15.473  INFO 15800 --- [main] .RepositoryConfigurationExtensionSupport : Spring Data Redis - Could not safely identify store assignment for repository candidate interface com.beyond.teenkiri.user.repository.UserRepository; If you want this repository to be a Redis repository, consider annotating your entities with one of these annotations: org.springframework.data.redis.core.RedisHash (preferred), or consider extending one of the following types with your repository: org.springframework.data.keyvalue.repository.KeyValueRepository
2024-08-07 00:27:15.475  INFO 15800 --- [main] .RepositoryConfigurationExtensionSupport : Spring Data Redis - Could not safely identify store assignment for repository candidate interface com.beyond.teenkiri.user_board.repository.UserRepository; If you want this repository to be a Redis repository, consider annotating your entities with one of these annotations: org.springframework.data.redis.core.RedisHash (preferred), or consider extending one of the following types with your repository: org.springframework.data.keyvalue.repository.KeyValueRepository
2024-08-07 00:27:15.478  INFO 15800 --- [main] .s.d.r.c.RepositoryConfigurationDelegate : Finished Spring Data repository scanning in 167 ms. Found 0 Redis repository interfaces.
2024-08-07 00:27:18.063  INFO 15800 --- [main] o.s.b.w.embedded.tomcat.TomcatWebServer  : Tomcat initialized with port(s): 8081 (http)
2024-08-07 00:27:18.092  INFO 15800 --- [main] o.apache.catalina.core.StandardService   : Starting service [Tomcat]
2024-08-07 00:27:18.093  INFO 15800 --- [main] org.apache.catalina.core.StandardEngine  : Starting Servlet engine: [Apache Tomcat/9.0.74]
2024-08-07 00:27:18.476  INFO 15800 --- [main] o.a.c.c.C.[Tomcat].[localhost].[/]       : Initializing Spring embedded WebApplicationContext
2024-08-07 00:27:18.477  INFO 15800 --- [main] w.s.c.ServletWebServerApplicationContext : Root WebApplicationContext: initialization completed in 7136 ms
2024-08-07 00:27:19.211  INFO 15800 --- [main] o.hibernate.jpa.internal.util.LogHelper  : HHH000204: Processing PersistenceUnitInfo [name: default]
2024-08-07 00:27:19.413  INFO 15800 --- [main] org.hibernate.Version                    : HHH000412: Hibernate ORM core version 5.6.15.Final
2024-08-07 00:27:20.013  INFO 15800 --- [main] o.hibernate.annotations.common.Version   : HCANN000001: Hibernate Commons Annotations {5.1.2.Final}
2024-08-07 00:27:20.358  INFO 15800 --- [main] com.zaxxer.hikari.HikariDataSource       : HikariPool-1 - Starting...
2024-08-07 00:27:20.530  INFO 15800 --- [main] com.zaxxer.hikari.HikariDataSource       : HikariPool-1 - Start completed.
2024-08-07 00:27:20.575  INFO 15800 --- [main] org.hibernate.dialect.Dialect            : HHH000400: Using dialect: org.hibernate.dialect.MariaDBDialect
2024-08-07 00:27:25.040  INFO 15800 --- [main] o.h.e.t.j.p.i.JtaPlatformInitiator       : HHH000490: Using JtaPlatform implementation: [org.hibernate.engine.transaction.jta.platform.internal.NoJtaPlatform]
2024-08-07 00:27:25.062  INFO 15800 --- [main] j.LocalContainerEntityManagerFactoryBean : Initialized JPA EntityManagerFactory for persistence unit 'default'
2024-08-07 00:27:26.237  WARN 15800 --- [main] JpaBaseConfiguration$JpaWebConfiguration : spring.jpa.open-in-view is enabled by default. Therefore, database queries may be performed during view rendering. Explicitly configure spring.jpa.open-in-view to disable this warning
2024-08-07 00:27:28.997  INFO 15800 --- [main] o.s.s.web.DefaultSecurityFilterChain     : Will secure any request with [org.springframework.security.web.session.DisableEncodeUrlFilter@65011123, org.springframework.security.web.context.request.async.WebAsyncManagerIntegrationFilter@20e4e27f, org.springframework.security.web.context.SecurityContextPersistenceFilter@3dceec83, org.springframework.security.web.header.HeaderWriterFilter@5e9a9683, org.springframework.web.filter.CorsFilter@57d7c511, org.springframework.security.web.authentication.logout.LogoutFilter@5fa0943d, com.beyond.teenkiri.user.config.JwtAuthFilter@36d7e8d2, org.springframework.security.web.savedrequest.RequestCacheAwareFilter@31d09031, org.springframework.security.web.servletapi.SecurityContextHolderAwareRequestFilter@5a86112a, org.springframework.security.web.authentication.AnonymousAuthenticationFilter@715ea64a, org.springframework.security.web.session.SessionManagementFilter@1545ef47, org.springframework.security.web.access.ExceptionTranslationFilter@5a6f1342, org.springframework.security.web.access.intercept.FilterSecurityInterceptor@67c912d3]
2024-08-07 00:27:29.786  INFO 15800 --- [main] o.s.b.w.embedded.tomcat.TomcatWebServer  : Tomcat started on port(s): 8081 (http) with context path ''
2024-08-07 00:27:29.793  INFO 15800 --- [main] o.s.m.s.b.SimpleBrokerMessageHandler     : Starting...
2024-08-07 00:27:29.794  INFO 15800 --- [main] o.s.m.s.b.SimpleBrokerMessageHandler     : BrokerAvailabilityEvent[available=true, SimpleBrokerMessageHandler [org.springframework.messaging.simp.broker.DefaultSubscriptionRegistry@22c4151b]]
2024-08-07 00:27:29.795  INFO 15800 --- [main] o.s.m.s.b.SimpleBrokerMessageHandler     : Started.
2024-08-07 00:27:29.819  INFO 15800 --- [main] com.beyond.teenkiri.TeenkiriApplication  : Started TeenkiriApplication in 20.749 seconds (JVM running for 21.741)
2024-08-07 00:28:28.506  INFO 15800 --- [MessageBroker-1] o.s.w.s.c.WebSocketMessageBrokerStats    : WebSocketSession[0 current WS(0)-HttpStream(0)-HttpPoll(0), 0 total, 0 closed abnormally (0 connect failure, 0 send limit, 0 transport error)], stompSubProtocol[processed CONNECT(0)-CONNECTED(0)-DISCONNECT(0)], stompBrokerRelay[null], inboundChannel[pool size = 0, active threads = 0, queued tasks = 0, completed tasks = 0], outboundChannel[pool size = 0, active threads = 0, queued tasks = 0, completed tasks = 0], sockJsScheduler[pool size = 1, active threads = 1, queued tasks = 0, completed tasks = 0]
2024-08-07 00:29:46.602  INFO 15800 --- [http-nio-8081-exec-1] o.a.c.c.C.[Tomcat].[localhost].[/]       : Initializing Spring DispatcherServlet 'dispatcherServlet'
2024-08-07 00:29:46.603  INFO 15800 --- [http-nio-8081-exec-1] o.s.web.servlet.DispatcherServlet        : Initializing Servlet 'dispatcherServlet'
2024-08-07 00:29:46.606  INFO 15800 --- [http-nio-8081-exec-1] o.s.web.servlet.DispatcherServlet        : Completed initialization in 2 ms
2024-08-07 00:29:47.055  WARN 15800 --- [http-nio-8081-exec-1] o.a.c.util.SessionIdGeneratorBase        : Creation of SecureRandom instance for session ID generation using [SHA1PRNG] took [385] milliseconds.
2024-08-07 00:31:20.324  INFO 30480 --- [main] com.beyond.teenkiri.TeenkiriApplication  : Starting TeenkiriApplication using Java 11.0.24 on DESKTOP-JB63H3G with PID 30480 (C:\Users\msi\Desktop\티니핑 프로젝트\TEENKIRI\TEENKIRI\code\teenkiri\build\classes\java\main started by msi in C:\Users\msi\Desktop\티니핑 프로젝트\TEENKIRI\TEENKIRI\code)
2024-08-07 00:31:20.330 DEBUG 30480 --- [main] com.beyond.teenkiri.TeenkiriApplication  : Running with Spring Boot v2.7.11, Spring v5.3.27
2024-08-07 00:31:20.331  INFO 30480 --- [main] com.beyond.teenkiri.TeenkiriApplication  : No active profile set, falling back to 1 default profile: "default"
2024-08-07 00:31:22.248  INFO 30480 --- [main] .s.d.r.c.RepositoryConfigurationDelegate : Multiple Spring Data modules found, entering strict repository configuration mode
2024-08-07 00:31:22.249  INFO 30480 --- [main] .s.d.r.c.RepositoryConfigurationDelegate : Bootstrapping Spring Data Redis repositories in DEFAULT mode.
2024-08-07 00:31:22.308  INFO 30480 --- [main] .s.d.r.c.RepositoryConfigurationDelegate : Finished Spring Data repository scanning in 24 ms. Found 0 Redis repository interfaces.
2024-08-07 00:31:22.807  INFO 30480 --- [main] .s.d.r.c.RepositoryConfigurationDelegate : Multiple Spring Data modules found, entering strict repository configuration mode
2024-08-07 00:31:22.811  INFO 30480 --- [main] .s.d.r.c.RepositoryConfigurationDelegate : Bootstrapping Spring Data JPA repositories in DEFAULT mode.
2024-08-07 00:31:23.382  INFO 30480 --- [main] .s.d.r.c.RepositoryConfigurationDelegate : Finished Spring Data repository scanning in 562 ms. Found 13 JPA repository interfaces.
2024-08-07 00:31:23.398  INFO 30480 --- [main] .s.d.r.c.RepositoryConfigurationDelegate : Multiple Spring Data modules found, entering strict repository configuration mode
2024-08-07 00:31:23.399  INFO 30480 --- [main] .s.d.r.c.RepositoryConfigurationDelegate : Bootstrapping Spring Data Redis repositories in DEFAULT mode.
2024-08-07 00:31:23.473  INFO 30480 --- [main] .RepositoryConfigurationExtensionSupport : Spring Data Redis - Could not safely identify store assignment for repository candidate interface com.beyond.teenkiri.chatting.repository.ChatMessageRepository; If you want this repository to be a Redis repository, consider annotating your entities with one of these annotations: org.springframework.data.redis.core.RedisHash (preferred), or consider extending one of the following types with your repository: org.springframework.data.keyvalue.repository.KeyValueRepository
2024-08-07 00:31:23.477  INFO 30480 --- [main] .RepositoryConfigurationExtensionSupport : Spring Data Redis - Could not safely identify store assignment for repository candidate interface com.beyond.teenkiri.comment.repository.CommentRepository; If you want this repository to be a Redis repository, consider annotating your entities with one of these annotations: org.springframework.data.redis.core.RedisHash (preferred), or consider extending one of the following types with your repository: org.springframework.data.keyvalue.repository.KeyValueRepository
2024-08-07 00:31:23.478  INFO 30480 --- [main] .RepositoryConfigurationExtensionSupport : Spring Data Redis - Could not safely identify store assignment for repository candidate interface com.beyond.teenkiri.course.repository.CourseRepository; If you want this repository to be a Redis repository, consider annotating your entities with one of these annotations: org.springframework.data.redis.core.RedisHash (preferred), or consider extending one of the following types with your repository: org.springframework.data.keyvalue.repository.KeyValueRepository
2024-08-07 00:31:23.479  INFO 30480 --- [main] .RepositoryConfigurationExtensionSupport : Spring Data Redis - Could not safely identify store assignment for repository candidate interface com.beyond.teenkiri.enrollment.repository.EnrollmentRepository; If you want this repository to be a Redis repository, consider annotating your entities with one of these annotations: org.springframework.data.redis.core.RedisHash (preferred), or consider extending one of the following types with your repository: org.springframework.data.keyvalue.repository.KeyValueRepository
2024-08-07 00:31:23.480  INFO 30480 --- [main] .RepositoryConfigurationExtensionSupport : Spring Data Redis - Could not safely identify store assignment for repository candidate interface com.beyond.teenkiri.event.repository.EventRepository; If you want this repository to be a Redis repository, consider annotating your entities with one of these annotations: org.springframework.data.redis.core.RedisHash (preferred), or consider extending one of the following types with your repository: org.springframework.data.keyvalue.repository.KeyValueRepository
2024-08-07 00:31:23.482  INFO 30480 --- [main] .RepositoryConfigurationExtensionSupport : Spring Data Redis - Could not safely identify store assignment for repository candidate interface com.beyond.teenkiri.lecture.repository.LectureRepository; If you want this repository to be a Redis repository, consider annotating your entities with one of these annotations: org.springframework.data.redis.core.RedisHash (preferred), or consider extending one of the following types with your repository: org.springframework.data.keyvalue.repository.KeyValueRepository
2024-08-07 00:31:23.483  INFO 30480 --- [main] .RepositoryConfigurationExtensionSupport : Spring Data Redis - Could not safely identify store assignment for repository candidate interface com.beyond.teenkiri.notice.repository.NoticeRepository; If you want this repository to be a Redis repository, consider annotating your entities with one of these annotations: org.springframework.data.redis.core.RedisHash (preferred), or consider extending one of the following types with your repository: org.springframework.data.keyvalue.repository.KeyValueRepository
2024-08-07 00:31:23.484  INFO 30480 --- [main] .RepositoryConfigurationExtensionSupport : Spring Data Redis - Could not safely identify store assignment for repository candidate interface com.beyond.teenkiri.post.repository.PostRepository; If you want this repository to be a Redis repository, consider annotating your entities with one of these annotations: org.springframework.data.redis.core.RedisHash (preferred), or consider extending one of the following types with your repository: org.springframework.data.keyvalue.repository.KeyValueRepository
2024-08-07 00:31:23.486  INFO 30480 --- [main] .RepositoryConfigurationExtensionSupport : Spring Data Redis - Could not safely identify store assignment for repository candidate interface com.beyond.teenkiri.qna.repository.QnARepository; If you want this repository to be a Redis repository, consider annotating your entities with one of these annotations: org.springframework.data.redis.core.RedisHash (preferred), or consider extending one of the following types with your repository: org.springframework.data.keyvalue.repository.KeyValueRepository
2024-08-07 00:31:23.489  INFO 30480 --- [main] .RepositoryConfigurationExtensionSupport : Spring Data Redis - Could not safely identify store assignment for repository candidate interface com.beyond.teenkiri.report.repository.ReportRepository; If you want this repository to be a Redis repository, consider annotating your entities with one of these annotations: org.springframework.data.redis.core.RedisHash (preferred), or consider extending one of the following types with your repository: org.springframework.data.keyvalue.repository.KeyValueRepository
2024-08-07 00:31:23.490  INFO 30480 --- [main] .RepositoryConfigurationExtensionSupport : Spring Data Redis - Could not safely identify store assignment for repository candidate interface com.beyond.teenkiri.subject.repository.SubjectRepository; If you want this repository to be a Redis repository, consider annotating your entities with one of these annotations: org.springframework.data.redis.core.RedisHash (preferred), or consider extending one of the following types with your repository: org.springframework.data.keyvalue.repository.KeyValueRepository
2024-08-07 00:31:23.491  INFO 30480 --- [main] .RepositoryConfigurationExtensionSupport : Spring Data Redis - Could not safely identify store assignment for repository candidate interface com.beyond.teenkiri.user.repository.UserRepository; If you want this repository to be a Redis repository, consider annotating your entities with one of these annotations: org.springframework.data.redis.core.RedisHash (preferred), or consider extending one of the following types with your repository: org.springframework.data.keyvalue.repository.KeyValueRepository
2024-08-07 00:31:23.492  INFO 30480 --- [main] .RepositoryConfigurationExtensionSupport : Spring Data Redis - Could not safely identify store assignment for repository candidate interface com.beyond.teenkiri.user_board.repository.UserRepository; If you want this repository to be a Redis repository, consider annotating your entities with one of these annotations: org.springframework.data.redis.core.RedisHash (preferred), or consider extending one of the following types with your repository: org.springframework.data.keyvalue.repository.KeyValueRepository
2024-08-07 00:31:23.493  INFO 30480 --- [main] .s.d.r.c.RepositoryConfigurationDelegate : Finished Spring Data repository scanning in 93 ms. Found 0 Redis repository interfaces.
2024-08-07 00:31:25.568  INFO 30480 --- [main] o.s.b.w.embedded.tomcat.TomcatWebServer  : Tomcat initialized with port(s): 8081 (http)
2024-08-07 00:31:25.589  INFO 30480 --- [main] o.apache.catalina.core.StandardService   : Starting service [Tomcat]
2024-08-07 00:31:25.589  INFO 30480 --- [main] org.apache.catalina.core.StandardEngine  : Starting Servlet engine: [Apache Tomcat/9.0.74]
2024-08-07 00:31:25.880  INFO 30480 --- [main] o.a.c.c.C.[Tomcat].[localhost].[/]       : Initializing Spring embedded WebApplicationContext
2024-08-07 00:31:25.881  INFO 30480 --- [main] w.s.c.ServletWebServerApplicationContext : Root WebApplicationContext: initialization completed in 5415 ms
2024-08-07 00:31:26.491  INFO 30480 --- [main] o.hibernate.jpa.internal.util.LogHelper  : HHH000204: Processing PersistenceUnitInfo [name: default]
2024-08-07 00:31:26.642  INFO 30480 --- [main] org.hibernate.Version                    : HHH000412: Hibernate ORM core version 5.6.15.Final
2024-08-07 00:31:27.107  INFO 30480 --- [main] o.hibernate.annotations.common.Version   : HCANN000001: Hibernate Commons Annotations {5.1.2.Final}
2024-08-07 00:31:27.340  INFO 30480 --- [main] com.zaxxer.hikari.HikariDataSource       : HikariPool-1 - Starting...
2024-08-07 00:31:27.464  INFO 30480 --- [main] com.zaxxer.hikari.HikariDataSource       : HikariPool-1 - Start completed.
2024-08-07 00:31:27.497  INFO 30480 --- [main] org.hibernate.dialect.Dialect            : HHH000400: Using dialect: org.hibernate.dialect.MariaDBDialect
2024-08-07 00:31:31.078  INFO 30480 --- [main] o.h.e.t.j.p.i.JtaPlatformInitiator       : HHH000490: Using JtaPlatform implementation: [org.hibernate.engine.transaction.jta.platform.internal.NoJtaPlatform]
2024-08-07 00:31:31.094  INFO 30480 --- [main] j.LocalContainerEntityManagerFactoryBean : Initialized JPA EntityManagerFactory for persistence unit 'default'
2024-08-07 00:31:31.938  WARN 30480 --- [main] JpaBaseConfiguration$JpaWebConfiguration : spring.jpa.open-in-view is enabled by default. Therefore, database queries may be performed during view rendering. Explicitly configure spring.jpa.open-in-view to disable this warning
2024-08-07 00:31:34.161  INFO 30480 --- [main] o.s.s.web.DefaultSecurityFilterChain     : Will secure any request with [org.springframework.security.web.session.DisableEncodeUrlFilter@7d7d7b1a, org.springframework.security.web.context.request.async.WebAsyncManagerIntegrationFilter@67836d4, org.springframework.security.web.context.SecurityContextPersistenceFilter@48dfce5c, org.springframework.security.web.header.HeaderWriterFilter@5a6f1342, org.springframework.web.filter.CorsFilter@2b9bbaa8, org.springframework.security.web.authentication.logout.LogoutFilter@77d7d2d0, com.beyond.teenkiri.user.config.JwtAuthFilter@65011123, org.springframework.security.web.savedrequest.RequestCacheAwareFilter@3dceec83, org.springframework.security.web.servletapi.SecurityContextHolderAwareRequestFilter@4fe687b5, org.springframework.security.web.authentication.AnonymousAuthenticationFilter@20e4e27f, org.springframework.security.web.session.SessionManagementFilter@17fa25f1, org.springframework.security.web.access.ExceptionTranslationFilter@608b74f3, org.springframework.security.web.access.intercept.FilterSecurityInterceptor@31a9eaa]
2024-08-07 00:31:34.788  INFO 30480 --- [main] o.s.b.w.embedded.tomcat.TomcatWebServer  : Tomcat started on port(s): 8081 (http) with context path ''
2024-08-07 00:31:34.790  INFO 30480 --- [main] o.s.m.s.b.SimpleBrokerMessageHandler     : Starting...
2024-08-07 00:31:34.791  INFO 30480 --- [main] o.s.m.s.b.SimpleBrokerMessageHandler     : BrokerAvailabilityEvent[available=true, SimpleBrokerMessageHandler [org.springframework.messaging.simp.broker.DefaultSubscriptionRegistry@797dd7ef]]
2024-08-07 00:31:34.792  INFO 30480 --- [main] o.s.m.s.b.SimpleBrokerMessageHandler     : Started.
2024-08-07 00:31:34.807  INFO 30480 --- [main] com.beyond.teenkiri.TeenkiriApplication  : Started TeenkiriApplication in 15.765 seconds (JVM running for 16.812)
2024-08-07 00:32:33.708  INFO 30480 --- [MessageBroker-1] o.s.w.s.c.WebSocketMessageBrokerStats    : WebSocketSession[0 current WS(0)-HttpStream(0)-HttpPoll(0), 0 total, 0 closed abnormally (0 connect failure, 0 send limit, 0 transport error)], stompSubProtocol[processed CONNECT(0)-CONNECTED(0)-DISCONNECT(0)], stompBrokerRelay[null], inboundChannel[pool size = 0, active threads = 0, queued tasks = 0, completed tasks = 0], outboundChannel[pool size = 0, active threads = 0, queued tasks = 0, completed tasks = 0], sockJsScheduler[pool size = 1, active threads = 1, queued tasks = 0, completed tasks = 0]
2024-08-07 00:35:12.209  INFO 30480 --- [http-nio-8081-exec-2] o.a.c.c.C.[Tomcat].[localhost].[/]       : Initializing Spring DispatcherServlet 'dispatcherServlet'
2024-08-07 00:35:12.209  INFO 30480 --- [http-nio-8081-exec-2] o.s.web.servlet.DispatcherServlet        : Initializing Servlet 'dispatcherServlet'
2024-08-07 00:35:12.211  INFO 30480 --- [http-nio-8081-exec-2] o.s.web.servlet.DispatcherServlet        : Completed initialization in 1 ms
2024-08-07 00:38:58.439  WARN 30480 --- [http-nio-8081-exec-1] o.a.c.util.SessionIdGeneratorBase        : Creation of SecureRandom instance for session ID generation using [SHA1PRNG] took [382] milliseconds.
2024-08-07 00:42:27.876  INFO 15428 --- [main] com.beyond.teenkiri.TeenkiriApplication  : Starting TeenkiriApplication using Java 11.0.24 on DESKTOP-JB63H3G with PID 15428 (C:\Users\msi\Desktop\티니핑 프로젝트\TEENKIRI\TEENKIRI\code\teenkiri\build\classes\java\main started by msi in C:\Users\msi\Desktop\티니핑 프로젝트\TEENKIRI\TEENKIRI\code)
2024-08-07 00:42:27.881 DEBUG 15428 --- [main] com.beyond.teenkiri.TeenkiriApplication  : Running with Spring Boot v2.7.11, Spring v5.3.27
2024-08-07 00:42:27.882  INFO 15428 --- [main] com.beyond.teenkiri.TeenkiriApplication  : No active profile set, falling back to 1 default profile: "default"
2024-08-07 00:42:29.802  INFO 15428 --- [main] .s.d.r.c.RepositoryConfigurationDelegate : Multiple Spring Data modules found, entering strict repository configuration mode
2024-08-07 00:42:29.803  INFO 15428 --- [main] .s.d.r.c.RepositoryConfigurationDelegate : Bootstrapping Spring Data Redis repositories in DEFAULT mode.
2024-08-07 00:42:29.851  INFO 15428 --- [main] .s.d.r.c.RepositoryConfigurationDelegate : Finished Spring Data repository scanning in 20 ms. Found 0 Redis repository interfaces.
2024-08-07 00:42:30.379  INFO 15428 --- [main] .s.d.r.c.RepositoryConfigurationDelegate : Multiple Spring Data modules found, entering strict repository configuration mode
2024-08-07 00:42:30.382  INFO 15428 --- [main] .s.d.r.c.RepositoryConfigurationDelegate : Bootstrapping Spring Data JPA repositories in DEFAULT mode.
2024-08-07 00:42:31.044  INFO 15428 --- [main] .s.d.r.c.RepositoryConfigurationDelegate : Finished Spring Data repository scanning in 653 ms. Found 13 JPA repository interfaces.
2024-08-07 00:42:31.063  INFO 15428 --- [main] .s.d.r.c.RepositoryConfigurationDelegate : Multiple Spring Data modules found, entering strict repository configuration mode
2024-08-07 00:42:31.063  INFO 15428 --- [main] .s.d.r.c.RepositoryConfigurationDelegate : Bootstrapping Spring Data Redis repositories in DEFAULT mode.
2024-08-07 00:42:31.147  INFO 15428 --- [main] .RepositoryConfigurationExtensionSupport : Spring Data Redis - Could not safely identify store assignment for repository candidate interface com.beyond.teenkiri.chatting.repository.ChatMessageRepository; If you want this repository to be a Redis repository, consider annotating your entities with one of these annotations: org.springframework.data.redis.core.RedisHash (preferred), or consider extending one of the following types with your repository: org.springframework.data.keyvalue.repository.KeyValueRepository
2024-08-07 00:42:31.153  INFO 15428 --- [main] .RepositoryConfigurationExtensionSupport : Spring Data Redis - Could not safely identify store assignment for repository candidate interface com.beyond.teenkiri.comment.repository.CommentRepository; If you want this repository to be a Redis repository, consider annotating your entities with one of these annotations: org.springframework.data.redis.core.RedisHash (preferred), or consider extending one of the following types with your repository: org.springframework.data.keyvalue.repository.KeyValueRepository
2024-08-07 00:42:31.155  INFO 15428 --- [main] .RepositoryConfigurationExtensionSupport : Spring Data Redis - Could not safely identify store assignment for repository candidate interface com.beyond.teenkiri.course.repository.CourseRepository; If you want this repository to be a Redis repository, consider annotating your entities with one of these annotations: org.springframework.data.redis.core.RedisHash (preferred), or consider extending one of the following types with your repository: org.springframework.data.keyvalue.repository.KeyValueRepository
2024-08-07 00:42:31.157  INFO 15428 --- [main] .RepositoryConfigurationExtensionSupport : Spring Data Redis - Could not safely identify store assignment for repository candidate interface com.beyond.teenkiri.enrollment.repository.EnrollmentRepository; If you want this repository to be a Redis repository, consider annotating your entities with one of these annotations: org.springframework.data.redis.core.RedisHash (preferred), or consider extending one of the following types with your repository: org.springframework.data.keyvalue.repository.KeyValueRepository
2024-08-07 00:42:31.158  INFO 15428 --- [main] .RepositoryConfigurationExtensionSupport : Spring Data Redis - Could not safely identify store assignment for repository candidate interface com.beyond.teenkiri.event.repository.EventRepository; If you want this repository to be a Redis repository, consider annotating your entities with one of these annotations: org.springframework.data.redis.core.RedisHash (preferred), or consider extending one of the following types with your repository: org.springframework.data.keyvalue.repository.KeyValueRepository
2024-08-07 00:42:31.159  INFO 15428 --- [main] .RepositoryConfigurationExtensionSupport : Spring Data Redis - Could not safely identify store assignment for repository candidate interface com.beyond.teenkiri.lecture.repository.LectureRepository; If you want this repository to be a Redis repository, consider annotating your entities with one of these annotations: org.springframework.data.redis.core.RedisHash (preferred), or consider extending one of the following types with your repository: org.springframework.data.keyvalue.repository.KeyValueRepository
2024-08-07 00:42:31.160  INFO 15428 --- [main] .RepositoryConfigurationExtensionSupport : Spring Data Redis - Could not safely identify store assignment for repository candidate interface com.beyond.teenkiri.notice.repository.NoticeRepository; If you want this repository to be a Redis repository, consider annotating your entities with one of these annotations: org.springframework.data.redis.core.RedisHash (preferred), or consider extending one of the following types with your repository: org.springframework.data.keyvalue.repository.KeyValueRepository
2024-08-07 00:42:31.161  INFO 15428 --- [main] .RepositoryConfigurationExtensionSupport : Spring Data Redis - Could not safely identify store assignment for repository candidate interface com.beyond.teenkiri.post.repository.PostRepository; If you want this repository to be a Redis repository, consider annotating your entities with one of these annotations: org.springframework.data.redis.core.RedisHash (preferred), or consider extending one of the following types with your repository: org.springframework.data.keyvalue.repository.KeyValueRepository
2024-08-07 00:42:31.162  INFO 15428 --- [main] .RepositoryConfigurationExtensionSupport : Spring Data Redis - Could not safely identify store assignment for repository candidate interface com.beyond.teenkiri.qna.repository.QnARepository; If you want this repository to be a Redis repository, consider annotating your entities with one of these annotations: org.springframework.data.redis.core.RedisHash (preferred), or consider extending one of the following types with your repository: org.springframework.data.keyvalue.repository.KeyValueRepository
2024-08-07 00:42:31.164  INFO 15428 --- [main] .RepositoryConfigurationExtensionSupport : Spring Data Redis - Could not safely identify store assignment for repository candidate interface com.beyond.teenkiri.report.repository.ReportRepository; If you want this repository to be a Redis repository, consider annotating your entities with one of these annotations: org.springframework.data.redis.core.RedisHash (preferred), or consider extending one of the following types with your repository: org.springframework.data.keyvalue.repository.KeyValueRepository
2024-08-07 00:42:31.164  INFO 15428 --- [main] .RepositoryConfigurationExtensionSupport : Spring Data Redis - Could not safely identify store assignment for repository candidate interface com.beyond.teenkiri.subject.repository.SubjectRepository; If you want this repository to be a Redis repository, consider annotating your entities with one of these annotations: org.springframework.data.redis.core.RedisHash (preferred), or consider extending one of the following types with your repository: org.springframework.data.keyvalue.repository.KeyValueRepository
2024-08-07 00:42:31.165  INFO 15428 --- [main] .RepositoryConfigurationExtensionSupport : Spring Data Redis - Could not safely identify store assignment for repository candidate interface com.beyond.teenkiri.user.repository.UserRepository; If you want this repository to be a Redis repository, consider annotating your entities with one of these annotations: org.springframework.data.redis.core.RedisHash (preferred), or consider extending one of the following types with your repository: org.springframework.data.keyvalue.repository.KeyValueRepository
2024-08-07 00:42:31.168  INFO 15428 --- [main] .RepositoryConfigurationExtensionSupport : Spring Data Redis - Could not safely identify store assignment for repository candidate interface com.beyond.teenkiri.user_board.repository.UserRepository; If you want this repository to be a Redis repository, consider annotating your entities with one of these annotations: org.springframework.data.redis.core.RedisHash (preferred), or consider extending one of the following types with your repository: org.springframework.data.keyvalue.repository.KeyValueRepository
2024-08-07 00:42:31.170  INFO 15428 --- [main] .s.d.r.c.RepositoryConfigurationDelegate : Finished Spring Data repository scanning in 106 ms. Found 0 Redis repository interfaces.
2024-08-07 00:42:33.230  INFO 15428 --- [main] o.s.b.w.embedded.tomcat.TomcatWebServer  : Tomcat initialized with port(s): 8081 (http)
2024-08-07 00:42:33.247  INFO 15428 --- [main] o.apache.catalina.core.StandardService   : Starting service [Tomcat]
2024-08-07 00:42:33.247  INFO 15428 --- [main] org.apache.catalina.core.StandardEngine  : Starting Servlet engine: [Apache Tomcat/9.0.74]
2024-08-07 00:42:33.674  INFO 15428 --- [main] o.a.c.c.C.[Tomcat].[localhost].[/]       : Initializing Spring embedded WebApplicationContext
2024-08-07 00:42:33.675  INFO 15428 --- [main] w.s.c.ServletWebServerApplicationContext : Root WebApplicationContext: initialization completed in 5621 ms
2024-08-07 00:42:34.331  INFO 15428 --- [main] o.hibernate.jpa.internal.util.LogHelper  : HHH000204: Processing PersistenceUnitInfo [name: default]
2024-08-07 00:42:34.471  INFO 15428 --- [main] org.hibernate.Version                    : HHH000412: Hibernate ORM core version 5.6.15.Final
2024-08-07 00:42:34.914  INFO 15428 --- [main] o.hibernate.annotations.common.Version   : HCANN000001: Hibernate Commons Annotations {5.1.2.Final}
2024-08-07 00:42:35.223  INFO 15428 --- [main] com.zaxxer.hikari.HikariDataSource       : HikariPool-1 - Starting...
2024-08-07 00:42:35.375  INFO 15428 --- [main] com.zaxxer.hikari.HikariDataSource       : HikariPool-1 - Start completed.
2024-08-07 00:42:35.407  INFO 15428 --- [main] org.hibernate.dialect.Dialect            : HHH000400: Using dialect: org.hibernate.dialect.MariaDBDialect
2024-08-07 00:42:39.146  INFO 15428 --- [main] o.h.e.t.j.p.i.JtaPlatformInitiator       : HHH000490: Using JtaPlatform implementation: [org.hibernate.engine.transaction.jta.platform.internal.NoJtaPlatform]
2024-08-07 00:42:39.164  INFO 15428 --- [main] j.LocalContainerEntityManagerFactoryBean : Initialized JPA EntityManagerFactory for persistence unit 'default'
2024-08-07 00:42:40.084  WARN 15428 --- [main] JpaBaseConfiguration$JpaWebConfiguration : spring.jpa.open-in-view is enabled by default. Therefore, database queries may be performed during view rendering. Explicitly configure spring.jpa.open-in-view to disable this warning
2024-08-07 00:42:42.406  INFO 15428 --- [main] o.s.s.web.DefaultSecurityFilterChain     : Will secure any request with [org.springframework.security.web.session.DisableEncodeUrlFilter@7d7d7b1a, org.springframework.security.web.context.request.async.WebAsyncManagerIntegrationFilter@67836d4, org.springframework.security.web.context.SecurityContextPersistenceFilter@48dfce5c, org.springframework.security.web.header.HeaderWriterFilter@5a6f1342, org.springframework.web.filter.CorsFilter@2b9bbaa8, org.springframework.security.web.authentication.logout.LogoutFilter@77d7d2d0, com.beyond.teenkiri.user.config.JwtAuthFilter@65011123, org.springframework.security.web.savedrequest.RequestCacheAwareFilter@3dceec83, org.springframework.security.web.servletapi.SecurityContextHolderAwareRequestFilter@4fe687b5, org.springframework.security.web.authentication.AnonymousAuthenticationFilter@20e4e27f, org.springframework.security.web.session.SessionManagementFilter@17fa25f1, org.springframework.security.web.access.ExceptionTranslationFilter@608b74f3, org.springframework.security.web.access.intercept.FilterSecurityInterceptor@31a9eaa]
2024-08-07 00:42:43.060  INFO 15428 --- [main] o.s.b.w.embedded.tomcat.TomcatWebServer  : Tomcat started on port(s): 8081 (http) with context path ''
2024-08-07 00:42:43.063  INFO 15428 --- [main] o.s.m.s.b.SimpleBrokerMessageHandler     : Starting...
2024-08-07 00:42:43.065  INFO 15428 --- [main] o.s.m.s.b.SimpleBrokerMessageHandler     : BrokerAvailabilityEvent[available=true, SimpleBrokerMessageHandler [org.springframework.messaging.simp.broker.DefaultSubscriptionRegistry@797dd7ef]]
2024-08-07 00:42:43.066  INFO 15428 --- [main] o.s.m.s.b.SimpleBrokerMessageHandler     : Started.
2024-08-07 00:42:43.080  INFO 15428 --- [main] com.beyond.teenkiri.TeenkiriApplication  : Started TeenkiriApplication in 16.578 seconds (JVM running for 18.833)
2024-08-07 00:42:59.358  INFO 15428 --- [http-nio-8081-exec-1] o.a.c.c.C.[Tomcat].[localhost].[/]       : Initializing Spring DispatcherServlet 'dispatcherServlet'
2024-08-07 00:42:59.359  INFO 15428 --- [http-nio-8081-exec-1] o.s.web.servlet.DispatcherServlet        : Initializing Servlet 'dispatcherServlet'
2024-08-07 00:42:59.362  INFO 15428 --- [http-nio-8081-exec-1] o.s.web.servlet.DispatcherServlet        : Completed initialization in 2 ms
2024-08-07 00:43:41.948  INFO 15428 --- [MessageBroker-1] o.s.w.s.c.WebSocketMessageBrokerStats    : WebSocketSession[0 current WS(0)-HttpStream(0)-HttpPoll(0), 0 total, 0 closed abnormally (0 connect failure, 0 send limit, 0 transport error)], stompSubProtocol[processed CONNECT(0)-CONNECTED(0)-DISCONNECT(0)], stompBrokerRelay[null], inboundChannel[pool size = 0, active threads = 0, queued tasks = 0, completed tasks = 0], outboundChannel[pool size = 0, active threads = 0, queued tasks = 0, completed tasks = 0], sockJsScheduler[pool size = 1, active threads = 1, queued tasks = 0, completed tasks = 0]
2024-08-07 00:44:20.384  INFO 32764 --- [main] com.beyond.teenkiri.TeenkiriApplication  : Starting TeenkiriApplication using Java 11.0.24 on DESKTOP-JB63H3G with PID 32764 (C:\Users\msi\Desktop\티니핑 프로젝트\TEENKIRI\TEENKIRI\code\teenkiri\build\classes\java\main started by msi in C:\Users\msi\Desktop\티니핑 프로젝트\TEENKIRI\TEENKIRI\code)
2024-08-07 00:44:20.392 DEBUG 32764 --- [main] com.beyond.teenkiri.TeenkiriApplication  : Running with Spring Boot v2.7.11, Spring v5.3.27
2024-08-07 00:44:20.394  INFO 32764 --- [main] com.beyond.teenkiri.TeenkiriApplication  : No active profile set, falling back to 1 default profile: "default"
2024-08-07 00:44:22.066  INFO 32764 --- [main] .s.d.r.c.RepositoryConfigurationDelegate : Multiple Spring Data modules found, entering strict repository configuration mode
2024-08-07 00:44:22.068  INFO 32764 --- [main] .s.d.r.c.RepositoryConfigurationDelegate : Bootstrapping Spring Data Redis repositories in DEFAULT mode.
2024-08-07 00:44:22.118  INFO 32764 --- [main] .s.d.r.c.RepositoryConfigurationDelegate : Finished Spring Data repository scanning in 19 ms. Found 0 Redis repository interfaces.
2024-08-07 00:44:22.550  INFO 32764 --- [main] .s.d.r.c.RepositoryConfigurationDelegate : Multiple Spring Data modules found, entering strict repository configuration mode
2024-08-07 00:44:22.554  INFO 32764 --- [main] .s.d.r.c.RepositoryConfigurationDelegate : Bootstrapping Spring Data JPA repositories in DEFAULT mode.
2024-08-07 00:44:23.084  INFO 32764 --- [main] .s.d.r.c.RepositoryConfigurationDelegate : Finished Spring Data repository scanning in 521 ms. Found 13 JPA repository interfaces.
2024-08-07 00:44:23.102  INFO 32764 --- [main] .s.d.r.c.RepositoryConfigurationDelegate : Multiple Spring Data modules found, entering strict repository configuration mode
2024-08-07 00:44:23.103  INFO 32764 --- [main] .s.d.r.c.RepositoryConfigurationDelegate : Bootstrapping Spring Data Redis repositories in DEFAULT mode.
2024-08-07 00:44:23.172  INFO 32764 --- [main] .RepositoryConfigurationExtensionSupport : Spring Data Redis - Could not safely identify store assignment for repository candidate interface com.beyond.teenkiri.chatting.repository.ChatMessageRepository; If you want this repository to be a Redis repository, consider annotating your entities with one of these annotations: org.springframework.data.redis.core.RedisHash (preferred), or consider extending one of the following types with your repository: org.springframework.data.keyvalue.repository.KeyValueRepository
2024-08-07 00:44:23.175  INFO 32764 --- [main] .RepositoryConfigurationExtensionSupport : Spring Data Redis - Could not safely identify store assignment for repository candidate interface com.beyond.teenkiri.comment.repository.CommentRepository; If you want this repository to be a Redis repository, consider annotating your entities with one of these annotations: org.springframework.data.redis.core.RedisHash (preferred), or consider extending one of the following types with your repository: org.springframework.data.keyvalue.repository.KeyValueRepository
2024-08-07 00:44:23.176  INFO 32764 --- [main] .RepositoryConfigurationExtensionSupport : Spring Data Redis - Could not safely identify store assignment for repository candidate interface com.beyond.teenkiri.course.repository.CourseRepository; If you want this repository to be a Redis repository, consider annotating your entities with one of these annotations: org.springframework.data.redis.core.RedisHash (preferred), or consider extending one of the following types with your repository: org.springframework.data.keyvalue.repository.KeyValueRepository
2024-08-07 00:44:23.177  INFO 32764 --- [main] .RepositoryConfigurationExtensionSupport : Spring Data Redis - Could not safely identify store assignment for repository candidate interface com.beyond.teenkiri.enrollment.repository.EnrollmentRepository; If you want this repository to be a Redis repository, consider annotating your entities with one of these annotations: org.springframework.data.redis.core.RedisHash (preferred), or consider extending one of the following types with your repository: org.springframework.data.keyvalue.repository.KeyValueRepository
2024-08-07 00:44:23.178  INFO 32764 --- [main] .RepositoryConfigurationExtensionSupport : Spring Data Redis - Could not safely identify store assignment for repository candidate interface com.beyond.teenkiri.event.repository.EventRepository; If you want this repository to be a Redis repository, consider annotating your entities with one of these annotations: org.springframework.data.redis.core.RedisHash (preferred), or consider extending one of the following types with your repository: org.springframework.data.keyvalue.repository.KeyValueRepository
2024-08-07 00:44:23.180  INFO 32764 --- [main] .RepositoryConfigurationExtensionSupport : Spring Data Redis - Could not safely identify store assignment for repository candidate interface com.beyond.teenkiri.lecture.repository.LectureRepository; If you want this repository to be a Redis repository, consider annotating your entities with one of these annotations: org.springframework.data.redis.core.RedisHash (preferred), or consider extending one of the following types with your repository: org.springframework.data.keyvalue.repository.KeyValueRepository
2024-08-07 00:44:23.181  INFO 32764 --- [main] .RepositoryConfigurationExtensionSupport : Spring Data Redis - Could not safely identify store assignment for repository candidate interface com.beyond.teenkiri.notice.repository.NoticeRepository; If you want this repository to be a Redis repository, consider annotating your entities with one of these annotations: org.springframework.data.redis.core.RedisHash (preferred), or consider extending one of the following types with your repository: org.springframework.data.keyvalue.repository.KeyValueRepository
2024-08-07 00:44:23.182  INFO 32764 --- [main] .RepositoryConfigurationExtensionSupport : Spring Data Redis - Could not safely identify store assignment for repository candidate interface com.beyond.teenkiri.post.repository.PostRepository; If you want this repository to be a Redis repository, consider annotating your entities with one of these annotations: org.springframework.data.redis.core.RedisHash (preferred), or consider extending one of the following types with your repository: org.springframework.data.keyvalue.repository.KeyValueRepository
2024-08-07 00:44:23.182  INFO 32764 --- [main] .RepositoryConfigurationExtensionSupport : Spring Data Redis - Could not safely identify store assignment for repository candidate interface com.beyond.teenkiri.qna.repository.QnARepository; If you want this repository to be a Redis repository, consider annotating your entities with one of these annotations: org.springframework.data.redis.core.RedisHash (preferred), or consider extending one of the following types with your repository: org.springframework.data.keyvalue.repository.KeyValueRepository
2024-08-07 00:44:23.183  INFO 32764 --- [main] .RepositoryConfigurationExtensionSupport : Spring Data Redis - Could not safely identify store assignment for repository candidate interface com.beyond.teenkiri.report.repository.ReportRepository; If you want this repository to be a Redis repository, consider annotating your entities with one of these annotations: org.springframework.data.redis.core.RedisHash (preferred), or consider extending one of the following types with your repository: org.springframework.data.keyvalue.repository.KeyValueRepository
2024-08-07 00:44:23.184  INFO 32764 --- [main] .RepositoryConfigurationExtensionSupport : Spring Data Redis - Could not safely identify store assignment for repository candidate interface com.beyond.teenkiri.subject.repository.SubjectRepository; If you want this repository to be a Redis repository, consider annotating your entities with one of these annotations: org.springframework.data.redis.core.RedisHash (preferred), or consider extending one of the following types with your repository: org.springframework.data.keyvalue.repository.KeyValueRepository
2024-08-07 00:44:23.186  INFO 32764 --- [main] .RepositoryConfigurationExtensionSupport : Spring Data Redis - Could not safely identify store assignment for repository candidate interface com.beyond.teenkiri.user.repository.UserRepository; If you want this repository to be a Redis repository, consider annotating your entities with one of these annotations: org.springframework.data.redis.core.RedisHash (preferred), or consider extending one of the following types with your repository: org.springframework.data.keyvalue.repository.KeyValueRepository
2024-08-07 00:44:23.188  INFO 32764 --- [main] .RepositoryConfigurationExtensionSupport : Spring Data Redis - Could not safely identify store assignment for repository candidate interface com.beyond.teenkiri.user_board.repository.UserRepository; If you want this repository to be a Redis repository, consider annotating your entities with one of these annotations: org.springframework.data.redis.core.RedisHash (preferred), or consider extending one of the following types with your repository: org.springframework.data.keyvalue.repository.KeyValueRepository
2024-08-07 00:44:23.189  INFO 32764 --- [main] .s.d.r.c.RepositoryConfigurationDelegate : Finished Spring Data repository scanning in 85 ms. Found 0 Redis repository interfaces.
2024-08-07 00:44:25.128  INFO 32764 --- [main] o.s.b.w.embedded.tomcat.TomcatWebServer  : Tomcat initialized with port(s): 8081 (http)
2024-08-07 00:44:25.145  INFO 32764 --- [main] o.apache.catalina.core.StandardService   : Starting service [Tomcat]
2024-08-07 00:44:25.145  INFO 32764 --- [main] org.apache.catalina.core.StandardEngine  : Starting Servlet engine: [Apache Tomcat/9.0.74]
2024-08-07 00:44:25.418  INFO 32764 --- [main] o.a.c.c.C.[Tomcat].[localhost].[/]       : Initializing Spring embedded WebApplicationContext
2024-08-07 00:44:25.419  INFO 32764 --- [main] w.s.c.ServletWebServerApplicationContext : Root WebApplicationContext: initialization completed in 4905 ms
2024-08-07 00:44:25.926  INFO 32764 --- [main] o.hibernate.jpa.internal.util.LogHelper  : HHH000204: Processing PersistenceUnitInfo [name: default]
2024-08-07 00:44:26.075  INFO 32764 --- [main] org.hibernate.Version                    : HHH000412: Hibernate ORM core version 5.6.15.Final
2024-08-07 00:44:26.630  INFO 32764 --- [main] o.hibernate.annotations.common.Version   : HCANN000001: Hibernate Commons Annotations {5.1.2.Final}
2024-08-07 00:44:26.909  INFO 32764 --- [main] com.zaxxer.hikari.HikariDataSource       : HikariPool-1 - Starting...
2024-08-07 00:44:27.030  INFO 32764 --- [main] com.zaxxer.hikari.HikariDataSource       : HikariPool-1 - Start completed.
2024-08-07 00:44:27.066  INFO 32764 --- [main] org.hibernate.dialect.Dialect            : HHH000400: Using dialect: org.hibernate.dialect.MariaDBDialect
2024-08-07 00:44:31.063  INFO 32764 --- [main] o.h.e.t.j.p.i.JtaPlatformInitiator       : HHH000490: Using JtaPlatform implementation: [org.hibernate.engine.transaction.jta.platform.internal.NoJtaPlatform]
2024-08-07 00:44:31.078  INFO 32764 --- [main] j.LocalContainerEntityManagerFactoryBean : Initialized JPA EntityManagerFactory for persistence unit 'default'
2024-08-07 00:44:31.997  WARN 32764 --- [main] JpaBaseConfiguration$JpaWebConfiguration : spring.jpa.open-in-view is enabled by default. Therefore, database queries may be performed during view rendering. Explicitly configure spring.jpa.open-in-view to disable this warning
2024-08-07 00:44:34.456  INFO 32764 --- [main] o.s.s.web.DefaultSecurityFilterChain     : Will secure any request with [org.springframework.security.web.session.DisableEncodeUrlFilter@67836d4, org.springframework.security.web.context.request.async.WebAsyncManagerIntegrationFilter@65011123, org.springframework.security.web.context.SecurityContextPersistenceFilter@eccaf1b, org.springframework.security.web.header.HeaderWriterFilter@650d5a3d, org.springframework.web.filter.CorsFilter@57d7c511, org.springframework.security.web.authentication.logout.LogoutFilter@63075ad1, com.beyond.teenkiri.user.config.JwtAuthFilter@20e4e27f, org.springframework.security.web.savedrequest.RequestCacheAwareFilter@74b13aa, org.springframework.security.web.servletapi.SecurityContextHolderAwareRequestFilter@7a02d760, org.springframework.security.web.authentication.AnonymousAuthenticationFilter@36d7e8d2, org.springframework.security.web.session.SessionManagementFilter@50ac63b2, org.springframework.security.web.access.ExceptionTranslationFilter@1ef8f7e6, org.springframework.security.web.access.intercept.FilterSecurityInterceptor@19370af1]
2024-08-07 00:44:35.590  INFO 32764 --- [main] o.s.b.w.embedded.tomcat.TomcatWebServer  : Tomcat started on port(s): 8081 (http) with context path ''
2024-08-07 00:44:35.595  INFO 32764 --- [main] o.s.m.s.b.SimpleBrokerMessageHandler     : Starting...
2024-08-07 00:44:35.596  INFO 32764 --- [main] o.s.m.s.b.SimpleBrokerMessageHandler     : BrokerAvailabilityEvent[available=true, SimpleBrokerMessageHandler [org.springframework.messaging.simp.broker.DefaultSubscriptionRegistry@ece7204]]
2024-08-07 00:44:35.597  INFO 32764 --- [main] o.s.m.s.b.SimpleBrokerMessageHandler     : Started.
2024-08-07 00:44:35.630  INFO 32764 --- [main] com.beyond.teenkiri.TeenkiriApplication  : Started TeenkiriApplication in 16.41 seconds (JVM running for 17.385)
2024-08-07 00:44:55.530  INFO 32764 --- [http-nio-8081-exec-4] o.a.c.c.C.[Tomcat].[localhost].[/]       : Initializing Spring DispatcherServlet 'dispatcherServlet'
2024-08-07 00:44:55.531  INFO 32764 --- [http-nio-8081-exec-4] o.s.web.servlet.DispatcherServlet        : Initializing Servlet 'dispatcherServlet'
2024-08-07 00:44:55.535  INFO 32764 --- [http-nio-8081-exec-4] o.s.web.servlet.DispatcherServlet        : Completed initialization in 3 ms
2024-08-07 00:45:33.931  INFO 32764 --- [MessageBroker-1] o.s.w.s.c.WebSocketMessageBrokerStats    : WebSocketSession[0 current WS(0)-HttpStream(0)-HttpPoll(0), 0 total, 0 closed abnormally (0 connect failure, 0 send limit, 0 transport error)], stompSubProtocol[processed CONNECT(0)-CONNECTED(0)-DISCONNECT(0)], stompBrokerRelay[null], inboundChannel[pool size = 0, active threads = 0, queued tasks = 0, completed tasks = 0], outboundChannel[pool size = 0, active threads = 0, queued tasks = 0, completed tasks = 0], sockJsScheduler[pool size = 1, active threads = 1, queued tasks = 0, completed tasks = 0]
2024-08-07 00:47:04.591  INFO 16732 --- [main] com.beyond.teenkiri.TeenkiriApplication  : Starting TeenkiriApplication using Java 11.0.24 on DESKTOP-JB63H3G with PID 16732 (C:\Users\msi\Desktop\티니핑 프로젝트\TEENKIRI\TEENKIRI\code\teenkiri\build\classes\java\main started by msi in C:\Users\msi\Desktop\티니핑 프로젝트\TEENKIRI\TEENKIRI\code)
2024-08-07 00:47:04.599 DEBUG 16732 --- [main] com.beyond.teenkiri.TeenkiriApplication  : Running with Spring Boot v2.7.11, Spring v5.3.27
2024-08-07 00:47:04.601  INFO 16732 --- [main] com.beyond.teenkiri.TeenkiriApplication  : No active profile set, falling back to 1 default profile: "default"
2024-08-07 00:47:06.658  INFO 16732 --- [main] .s.d.r.c.RepositoryConfigurationDelegate : Multiple Spring Data modules found, entering strict repository configuration mode
2024-08-07 00:47:06.660  INFO 16732 --- [main] .s.d.r.c.RepositoryConfigurationDelegate : Bootstrapping Spring Data Redis repositories in DEFAULT mode.
2024-08-07 00:47:06.711  INFO 16732 --- [main] .s.d.r.c.RepositoryConfigurationDelegate : Finished Spring Data repository scanning in 19 ms. Found 0 Redis repository interfaces.
2024-08-07 00:47:07.347  INFO 16732 --- [main] .s.d.r.c.RepositoryConfigurationDelegate : Multiple Spring Data modules found, entering strict repository configuration mode
2024-08-07 00:47:07.351  INFO 16732 --- [main] .s.d.r.c.RepositoryConfigurationDelegate : Bootstrapping Spring Data JPA repositories in DEFAULT mode.
2024-08-07 00:47:07.876  INFO 16732 --- [main] .s.d.r.c.RepositoryConfigurationDelegate : Finished Spring Data repository scanning in 516 ms. Found 13 JPA repository interfaces.
2024-08-07 00:47:07.891  INFO 16732 --- [main] .s.d.r.c.RepositoryConfigurationDelegate : Multiple Spring Data modules found, entering strict repository configuration mode
2024-08-07 00:47:07.891  INFO 16732 --- [main] .s.d.r.c.RepositoryConfigurationDelegate : Bootstrapping Spring Data Redis repositories in DEFAULT mode.
2024-08-07 00:47:07.976  INFO 16732 --- [main] .RepositoryConfigurationExtensionSupport : Spring Data Redis - Could not safely identify store assignment for repository candidate interface com.beyond.teenkiri.chatting.repository.ChatMessageRepository; If you want this repository to be a Redis repository, consider annotating your entities with one of these annotations: org.springframework.data.redis.core.RedisHash (preferred), or consider extending one of the following types with your repository: org.springframework.data.keyvalue.repository.KeyValueRepository
2024-08-07 00:47:07.979  INFO 16732 --- [main] .RepositoryConfigurationExtensionSupport : Spring Data Redis - Could not safely identify store assignment for repository candidate interface com.beyond.teenkiri.comment.repository.CommentRepository; If you want this repository to be a Redis repository, consider annotating your entities with one of these annotations: org.springframework.data.redis.core.RedisHash (preferred), or consider extending one of the following types with your repository: org.springframework.data.keyvalue.repository.KeyValueRepository
2024-08-07 00:47:07.980  INFO 16732 --- [main] .RepositoryConfigurationExtensionSupport : Spring Data Redis - Could not safely identify store assignment for repository candidate interface com.beyond.teenkiri.course.repository.CourseRepository; If you want this repository to be a Redis repository, consider annotating your entities with one of these annotations: org.springframework.data.redis.core.RedisHash (preferred), or consider extending one of the following types with your repository: org.springframework.data.keyvalue.repository.KeyValueRepository
2024-08-07 00:47:07.985  INFO 16732 --- [main] .RepositoryConfigurationExtensionSupport : Spring Data Redis - Could not safely identify store assignment for repository candidate interface com.beyond.teenkiri.enrollment.repository.EnrollmentRepository; If you want this repository to be a Redis repository, consider annotating your entities with one of these annotations: org.springframework.data.redis.core.RedisHash (preferred), or consider extending one of the following types with your repository: org.springframework.data.keyvalue.repository.KeyValueRepository
2024-08-07 00:47:07.986  INFO 16732 --- [main] .RepositoryConfigurationExtensionSupport : Spring Data Redis - Could not safely identify store assignment for repository candidate interface com.beyond.teenkiri.event.repository.EventRepository; If you want this repository to be a Redis repository, consider annotating your entities with one of these annotations: org.springframework.data.redis.core.RedisHash (preferred), or consider extending one of the following types with your repository: org.springframework.data.keyvalue.repository.KeyValueRepository
2024-08-07 00:47:07.991  INFO 16732 --- [main] .RepositoryConfigurationExtensionSupport : Spring Data Redis - Could not safely identify store assignment for repository candidate interface com.beyond.teenkiri.lecture.repository.LectureRepository; If you want this repository to be a Redis repository, consider annotating your entities with one of these annotations: org.springframework.data.redis.core.RedisHash (preferred), or consider extending one of the following types with your repository: org.springframework.data.keyvalue.repository.KeyValueRepository
2024-08-07 00:47:07.992  INFO 16732 --- [main] .RepositoryConfigurationExtensionSupport : Spring Data Redis - Could not safely identify store assignment for repository candidate interface com.beyond.teenkiri.notice.repository.NoticeRepository; If you want this repository to be a Redis repository, consider annotating your entities with one of these annotations: org.springframework.data.redis.core.RedisHash (preferred), or consider extending one of the following types with your repository: org.springframework.data.keyvalue.repository.KeyValueRepository
2024-08-07 00:47:07.993  INFO 16732 --- [main] .RepositoryConfigurationExtensionSupport : Spring Data Redis - Could not safely identify store assignment for repository candidate interface com.beyond.teenkiri.post.repository.PostRepository; If you want this repository to be a Redis repository, consider annotating your entities with one of these annotations: org.springframework.data.redis.core.RedisHash (preferred), or consider extending one of the following types with your repository: org.springframework.data.keyvalue.repository.KeyValueRepository
2024-08-07 00:47:07.994  INFO 16732 --- [main] .RepositoryConfigurationExtensionSupport : Spring Data Redis - Could not safely identify store assignment for repository candidate interface com.beyond.teenkiri.qna.repository.QnARepository; If you want this repository to be a Redis repository, consider annotating your entities with one of these annotations: org.springframework.data.redis.core.RedisHash (preferred), or consider extending one of the following types with your repository: org.springframework.data.keyvalue.repository.KeyValueRepository
2024-08-07 00:47:07.995  INFO 16732 --- [main] .RepositoryConfigurationExtensionSupport : Spring Data Redis - Could not safely identify store assignment for repository candidate interface com.beyond.teenkiri.report.repository.ReportRepository; If you want this repository to be a Redis repository, consider annotating your entities with one of these annotations: org.springframework.data.redis.core.RedisHash (preferred), or consider extending one of the following types with your repository: org.springframework.data.keyvalue.repository.KeyValueRepository
2024-08-07 00:47:07.996  INFO 16732 --- [main] .RepositoryConfigurationExtensionSupport : Spring Data Redis - Could not safely identify store assignment for repository candidate interface com.beyond.teenkiri.subject.repository.SubjectRepository; If you want this repository to be a Redis repository, consider annotating your entities with one of these annotations: org.springframework.data.redis.core.RedisHash (preferred), or consider extending one of the following types with your repository: org.springframework.data.keyvalue.repository.KeyValueRepository
2024-08-07 00:47:07.997  INFO 16732 --- [main] .RepositoryConfigurationExtensionSupport : Spring Data Redis - Could not safely identify store assignment for repository candidate interface com.beyond.teenkiri.user.repository.UserRepository; If you want this repository to be a Redis repository, consider annotating your entities with one of these annotations: org.springframework.data.redis.core.RedisHash (preferred), or consider extending one of the following types with your repository: org.springframework.data.keyvalue.repository.KeyValueRepository
2024-08-07 00:47:08.001  INFO 16732 --- [main] .RepositoryConfigurationExtensionSupport : Spring Data Redis - Could not safely identify store assignment for repository candidate interface com.beyond.teenkiri.user_board.repository.UserRepository; If you want this repository to be a Redis repository, consider annotating your entities with one of these annotations: org.springframework.data.redis.core.RedisHash (preferred), or consider extending one of the following types with your repository: org.springframework.data.keyvalue.repository.KeyValueRepository
2024-08-07 00:47:08.003  INFO 16732 --- [main] .s.d.r.c.RepositoryConfigurationDelegate : Finished Spring Data repository scanning in 110 ms. Found 0 Redis repository interfaces.
2024-08-07 00:47:10.570  INFO 16732 --- [main] o.s.b.w.embedded.tomcat.TomcatWebServer  : Tomcat initialized with port(s): 8081 (http)
2024-08-07 00:47:10.592  INFO 16732 --- [main] o.apache.catalina.core.StandardService   : Starting service [Tomcat]
2024-08-07 00:47:10.592  INFO 16732 --- [main] org.apache.catalina.core.StandardEngine  : Starting Servlet engine: [Apache Tomcat/9.0.74]
2024-08-07 00:47:10.938  INFO 16732 --- [main] o.a.c.c.C.[Tomcat].[localhost].[/]       : Initializing Spring embedded WebApplicationContext
2024-08-07 00:47:10.938  INFO 16732 --- [main] w.s.c.ServletWebServerApplicationContext : Root WebApplicationContext: initialization completed in 6192 ms
2024-08-07 00:47:11.606  INFO 16732 --- [main] o.hibernate.jpa.internal.util.LogHelper  : HHH000204: Processing PersistenceUnitInfo [name: default]
2024-08-07 00:47:11.946  INFO 16732 --- [main] org.hibernate.Version                    : HHH000412: Hibernate ORM core version 5.6.15.Final
2024-08-07 00:47:12.542  INFO 16732 --- [main] o.hibernate.annotations.common.Version   : HCANN000001: Hibernate Commons Annotations {5.1.2.Final}
2024-08-07 00:47:12.917  INFO 16732 --- [main] com.zaxxer.hikari.HikariDataSource       : HikariPool-1 - Starting...
2024-08-07 00:47:13.078  INFO 16732 --- [main] com.zaxxer.hikari.HikariDataSource       : HikariPool-1 - Start completed.
2024-08-07 00:47:13.116  INFO 16732 --- [main] org.hibernate.dialect.Dialect            : HHH000400: Using dialect: org.hibernate.dialect.MariaDBDialect
2024-08-07 00:47:17.091  INFO 16732 --- [main] o.h.e.t.j.p.i.JtaPlatformInitiator       : HHH000490: Using JtaPlatform implementation: [org.hibernate.engine.transaction.jta.platform.internal.NoJtaPlatform]
2024-08-07 00:47:17.116  INFO 16732 --- [main] j.LocalContainerEntityManagerFactoryBean : Initialized JPA EntityManagerFactory for persistence unit 'default'
2024-08-07 00:47:18.575  WARN 16732 --- [main] JpaBaseConfiguration$JpaWebConfiguration : spring.jpa.open-in-view is enabled by default. Therefore, database queries may be performed during view rendering. Explicitly configure spring.jpa.open-in-view to disable this warning
2024-08-07 00:47:23.843  INFO 16732 --- [main] o.s.s.web.DefaultSecurityFilterChain     : Will secure any request with [org.springframework.security.web.session.DisableEncodeUrlFilter@67836d4, org.springframework.security.web.context.request.async.WebAsyncManagerIntegrationFilter@65011123, org.springframework.security.web.context.SecurityContextPersistenceFilter@eccaf1b, org.springframework.security.web.header.HeaderWriterFilter@650d5a3d, org.springframework.web.filter.CorsFilter@2b9bbaa8, org.springframework.security.web.authentication.logout.LogoutFilter@63075ad1, com.beyond.teenkiri.user.config.JwtAuthFilter@20e4e27f, org.springframework.security.web.savedrequest.RequestCacheAwareFilter@74b13aa, org.springframework.security.web.servletapi.SecurityContextHolderAwareRequestFilter@7a02d760, org.springframework.security.web.authentication.AnonymousAuthenticationFilter@36d7e8d2, org.springframework.security.web.session.SessionManagementFilter@50ac63b2, org.springframework.security.web.access.ExceptionTranslationFilter@1ef8f7e6, org.springframework.security.web.access.intercept.FilterSecurityInterceptor@19370af1]
2024-08-07 00:47:25.237  INFO 16732 --- [main] o.s.b.w.embedded.tomcat.TomcatWebServer  : Tomcat started on port(s): 8081 (http) with context path ''
2024-08-07 00:47:25.246  INFO 16732 --- [main] o.s.m.s.b.SimpleBrokerMessageHandler     : Starting...
2024-08-07 00:47:25.259  INFO 16732 --- [main] o.s.m.s.b.SimpleBrokerMessageHandler     : BrokerAvailabilityEvent[available=true, SimpleBrokerMessageHandler [org.springframework.messaging.simp.broker.DefaultSubscriptionRegistry@ece7204]]
2024-08-07 00:47:25.260  INFO 16732 --- [main] o.s.m.s.b.SimpleBrokerMessageHandler     : Started.
2024-08-07 00:47:25.284  INFO 16732 --- [main] com.beyond.teenkiri.TeenkiriApplication  : Started TeenkiriApplication in 22.436 seconds (JVM running for 23.468)
2024-08-07 00:47:38.190  INFO 16404 --- [main] com.beyond.teenkiri.TeenkiriApplication  : Starting TeenkiriApplication using Java 11.0.24 on DESKTOP-JB63H3G with PID 16404 (C:\Users\msi\Desktop\티니핑 프로젝트\TEENKIRI\TEENKIRI\code\teenkiri\build\classes\java\main started by msi in C:\Users\msi\Desktop\티니핑 프로젝트\TEENKIRI\TEENKIRI\code)
2024-08-07 00:47:38.197 DEBUG 16404 --- [main] com.beyond.teenkiri.TeenkiriApplication  : Running with Spring Boot v2.7.11, Spring v5.3.27
2024-08-07 00:47:38.199  INFO 16404 --- [main] com.beyond.teenkiri.TeenkiriApplication  : No active profile set, falling back to 1 default profile: "default"
2024-08-07 00:47:40.099  INFO 16404 --- [main] .s.d.r.c.RepositoryConfigurationDelegate : Multiple Spring Data modules found, entering strict repository configuration mode
2024-08-07 00:47:40.101  INFO 16404 --- [main] .s.d.r.c.RepositoryConfigurationDelegate : Bootstrapping Spring Data Redis repositories in DEFAULT mode.
2024-08-07 00:47:40.158  INFO 16404 --- [main] .s.d.r.c.RepositoryConfigurationDelegate : Finished Spring Data repository scanning in 21 ms. Found 0 Redis repository interfaces.
2024-08-07 00:47:40.690  INFO 16404 --- [main] .s.d.r.c.RepositoryConfigurationDelegate : Multiple Spring Data modules found, entering strict repository configuration mode
2024-08-07 00:47:40.694  INFO 16404 --- [main] .s.d.r.c.RepositoryConfigurationDelegate : Bootstrapping Spring Data JPA repositories in DEFAULT mode.
2024-08-07 00:47:41.329  INFO 16404 --- [main] .s.d.r.c.RepositoryConfigurationDelegate : Finished Spring Data repository scanning in 625 ms. Found 13 JPA repository interfaces.
2024-08-07 00:47:41.349  INFO 16404 --- [main] .s.d.r.c.RepositoryConfigurationDelegate : Multiple Spring Data modules found, entering strict repository configuration mode
2024-08-07 00:47:41.350  INFO 16404 --- [main] .s.d.r.c.RepositoryConfigurationDelegate : Bootstrapping Spring Data Redis repositories in DEFAULT mode.
2024-08-07 00:47:41.441  INFO 16404 --- [main] .RepositoryConfigurationExtensionSupport : Spring Data Redis - Could not safely identify store assignment for repository candidate interface com.beyond.teenkiri.chatting.repository.ChatMessageRepository; If you want this repository to be a Redis repository, consider annotating your entities with one of these annotations: org.springframework.data.redis.core.RedisHash (preferred), or consider extending one of the following types with your repository: org.springframework.data.keyvalue.repository.KeyValueRepository
2024-08-07 00:47:41.447  INFO 16404 --- [main] .RepositoryConfigurationExtensionSupport : Spring Data Redis - Could not safely identify store assignment for repository candidate interface com.beyond.teenkiri.comment.repository.CommentRepository; If you want this repository to be a Redis repository, consider annotating your entities with one of these annotations: org.springframework.data.redis.core.RedisHash (preferred), or consider extending one of the following types with your repository: org.springframework.data.keyvalue.repository.KeyValueRepository
2024-08-07 00:47:41.449  INFO 16404 --- [main] .RepositoryConfigurationExtensionSupport : Spring Data Redis - Could not safely identify store assignment for repository candidate interface com.beyond.teenkiri.course.repository.CourseRepository; If you want this repository to be a Redis repository, consider annotating your entities with one of these annotations: org.springframework.data.redis.core.RedisHash (preferred), or consider extending one of the following types with your repository: org.springframework.data.keyvalue.repository.KeyValueRepository
2024-08-07 00:47:41.457  INFO 16404 --- [main] .RepositoryConfigurationExtensionSupport : Spring Data Redis - Could not safely identify store assignment for repository candidate interface com.beyond.teenkiri.enrollment.repository.EnrollmentRepository; If you want this repository to be a Redis repository, consider annotating your entities with one of these annotations: org.springframework.data.redis.core.RedisHash (preferred), or consider extending one of the following types with your repository: org.springframework.data.keyvalue.repository.KeyValueRepository
2024-08-07 00:47:41.471  INFO 16404 --- [main] .RepositoryConfigurationExtensionSupport : Spring Data Redis - Could not safely identify store assignment for repository candidate interface com.beyond.teenkiri.event.repository.EventRepository; If you want this repository to be a Redis repository, consider annotating your entities with one of these annotations: org.springframework.data.redis.core.RedisHash (preferred), or consider extending one of the following types with your repository: org.springframework.data.keyvalue.repository.KeyValueRepository
2024-08-07 00:47:41.473  INFO 16404 --- [main] .RepositoryConfigurationExtensionSupport : Spring Data Redis - Could not safely identify store assignment for repository candidate interface com.beyond.teenkiri.lecture.repository.LectureRepository; If you want this repository to be a Redis repository, consider annotating your entities with one of these annotations: org.springframework.data.redis.core.RedisHash (preferred), or consider extending one of the following types with your repository: org.springframework.data.keyvalue.repository.KeyValueRepository
2024-08-07 00:47:41.475  INFO 16404 --- [main] .RepositoryConfigurationExtensionSupport : Spring Data Redis - Could not safely identify store assignment for repository candidate interface com.beyond.teenkiri.notice.repository.NoticeRepository; If you want this repository to be a Redis repository, consider annotating your entities with one of these annotations: org.springframework.data.redis.core.RedisHash (preferred), or consider extending one of the following types with your repository: org.springframework.data.keyvalue.repository.KeyValueRepository
2024-08-07 00:47:41.476  INFO 16404 --- [main] .RepositoryConfigurationExtensionSupport : Spring Data Redis - Could not safely identify store assignment for repository candidate interface com.beyond.teenkiri.post.repository.PostRepository; If you want this repository to be a Redis repository, consider annotating your entities with one of these annotations: org.springframework.data.redis.core.RedisHash (preferred), or consider extending one of the following types with your repository: org.springframework.data.keyvalue.repository.KeyValueRepository
2024-08-07 00:47:41.481  INFO 16404 --- [main] .RepositoryConfigurationExtensionSupport : Spring Data Redis - Could not safely identify store assignment for repository candidate interface com.beyond.teenkiri.qna.repository.QnARepository; If you want this repository to be a Redis repository, consider annotating your entities with one of these annotations: org.springframework.data.redis.core.RedisHash (preferred), or consider extending one of the following types with your repository: org.springframework.data.keyvalue.repository.KeyValueRepository
2024-08-07 00:47:41.483  INFO 16404 --- [main] .RepositoryConfigurationExtensionSupport : Spring Data Redis - Could not safely identify store assignment for repository candidate interface com.beyond.teenkiri.report.repository.ReportRepository; If you want this repository to be a Redis repository, consider annotating your entities with one of these annotations: org.springframework.data.redis.core.RedisHash (preferred), or consider extending one of the following types with your repository: org.springframework.data.keyvalue.repository.KeyValueRepository
2024-08-07 00:47:41.484  INFO 16404 --- [main] .RepositoryConfigurationExtensionSupport : Spring Data Redis - Could not safely identify store assignment for repository candidate interface com.beyond.teenkiri.subject.repository.SubjectRepository; If you want this repository to be a Redis repository, consider annotating your entities with one of these annotations: org.springframework.data.redis.core.RedisHash (preferred), or consider extending one of the following types with your repository: org.springframework.data.keyvalue.repository.KeyValueRepository
2024-08-07 00:47:41.490  INFO 16404 --- [main] .RepositoryConfigurationExtensionSupport : Spring Data Redis - Could not safely identify store assignment for repository candidate interface com.beyond.teenkiri.user.repository.UserRepository; If you want this repository to be a Redis repository, consider annotating your entities with one of these annotations: org.springframework.data.redis.core.RedisHash (preferred), or consider extending one of the following types with your repository: org.springframework.data.keyvalue.repository.KeyValueRepository
2024-08-07 00:47:41.491  INFO 16404 --- [main] .RepositoryConfigurationExtensionSupport : Spring Data Redis - Could not safely identify store assignment for repository candidate interface com.beyond.teenkiri.user_board.repository.UserRepository; If you want this repository to be a Redis repository, consider annotating your entities with one of these annotations: org.springframework.data.redis.core.RedisHash (preferred), or consider extending one of the following types with your repository: org.springframework.data.keyvalue.repository.KeyValueRepository
2024-08-07 00:47:41.492  INFO 16404 --- [main] .s.d.r.c.RepositoryConfigurationDelegate : Finished Spring Data repository scanning in 141 ms. Found 0 Redis repository interfaces.
2024-08-07 00:47:43.667  INFO 16404 --- [main] o.s.b.w.embedded.tomcat.TomcatWebServer  : Tomcat initialized with port(s): 8081 (http)
2024-08-07 00:47:43.689  INFO 16404 --- [main] o.apache.catalina.core.StandardService   : Starting service [Tomcat]
2024-08-07 00:47:43.690  INFO 16404 --- [main] org.apache.catalina.core.StandardEngine  : Starting Servlet engine: [Apache Tomcat/9.0.74]
2024-08-07 00:47:44.021  INFO 16404 --- [main] o.a.c.c.C.[Tomcat].[localhost].[/]       : Initializing Spring embedded WebApplicationContext
2024-08-07 00:47:44.021  INFO 16404 --- [main] w.s.c.ServletWebServerApplicationContext : Root WebApplicationContext: initialization completed in 5685 ms
2024-08-07 00:47:44.923  INFO 16404 --- [main] o.hibernate.jpa.internal.util.LogHelper  : HHH000204: Processing PersistenceUnitInfo [name: default]
2024-08-07 00:47:45.069  INFO 16404 --- [main] org.hibernate.Version                    : HHH000412: Hibernate ORM core version 5.6.15.Final
2024-08-07 00:47:45.566  INFO 16404 --- [main] o.hibernate.annotations.common.Version   : HCANN000001: Hibernate Commons Annotations {5.1.2.Final}
2024-08-07 00:47:45.920  INFO 16404 --- [main] com.zaxxer.hikari.HikariDataSource       : HikariPool-1 - Starting...
2024-08-07 00:47:46.099  INFO 16404 --- [main] com.zaxxer.hikari.HikariDataSource       : HikariPool-1 - Start completed.
2024-08-07 00:47:46.134  INFO 16404 --- [main] org.hibernate.dialect.Dialect            : HHH000400: Using dialect: org.hibernate.dialect.MariaDBDialect
2024-08-07 00:47:50.274  INFO 16404 --- [main] o.h.e.t.j.p.i.JtaPlatformInitiator       : HHH000490: Using JtaPlatform implementation: [org.hibernate.engine.transaction.jta.platform.internal.NoJtaPlatform]
2024-08-07 00:47:50.302  INFO 16404 --- [main] j.LocalContainerEntityManagerFactoryBean : Initialized JPA EntityManagerFactory for persistence unit 'default'
2024-08-07 00:47:52.039  WARN 16404 --- [main] JpaBaseConfiguration$JpaWebConfiguration : spring.jpa.open-in-view is enabled by default. Therefore, database queries may be performed during view rendering. Explicitly configure spring.jpa.open-in-view to disable this warning
2024-08-07 00:47:55.301  INFO 16404 --- [main] o.s.s.web.DefaultSecurityFilterChain     : Will secure any request with [org.springframework.security.web.session.DisableEncodeUrlFilter@20e4e27f, org.springframework.security.web.context.request.async.WebAsyncManagerIntegrationFilter@36d7e8d2, org.springframework.security.web.context.SecurityContextPersistenceFilter@74b13aa, org.springframework.security.web.header.HeaderWriterFilter@7040d71, org.springframework.web.filter.CorsFilter@3bf52f8f, org.springframework.security.web.authentication.logout.LogoutFilter@73bb782d, com.beyond.teenkiri.user.config.JwtAuthFilter@715ea64a, org.springframework.security.web.savedrequest.RequestCacheAwareFilter@5a0f5567, org.springframework.security.web.servletapi.SecurityContextHolderAwareRequestFilter@3203ffa3, org.springframework.security.web.authentication.AnonymousAuthenticationFilter@1cbb394b, org.springframework.security.web.session.SessionManagementFilter@48dfce5c, org.springframework.security.web.access.ExceptionTranslationFilter@650d5a3d, org.springframework.security.web.access.intercept.FilterSecurityInterceptor@60515ab1]
2024-08-07 00:47:56.055  INFO 16404 --- [main] o.s.b.w.embedded.tomcat.TomcatWebServer  : Tomcat started on port(s): 8081 (http) with context path ''
2024-08-07 00:47:56.061  INFO 16404 --- [main] o.s.m.s.b.SimpleBrokerMessageHandler     : Starting...
2024-08-07 00:47:56.063  INFO 16404 --- [main] o.s.m.s.b.SimpleBrokerMessageHandler     : BrokerAvailabilityEvent[available=true, SimpleBrokerMessageHandler [org.springframework.messaging.simp.broker.DefaultSubscriptionRegistry@2c3df478]]
2024-08-07 00:47:56.064  INFO 16404 --- [main] o.s.m.s.b.SimpleBrokerMessageHandler     : Started.
2024-08-07 00:47:56.088  INFO 16404 --- [main] com.beyond.teenkiri.TeenkiriApplication  : Started TeenkiriApplication in 19.165 seconds (JVM running for 20.61)
2024-08-07 00:48:54.729  INFO 16404 --- [MessageBroker-1] o.s.w.s.c.WebSocketMessageBrokerStats    : WebSocketSession[0 current WS(0)-HttpStream(0)-HttpPoll(0), 0 total, 0 closed abnormally (0 connect failure, 0 send limit, 0 transport error)], stompSubProtocol[processed CONNECT(0)-CONNECTED(0)-DISCONNECT(0)], stompBrokerRelay[null], inboundChannel[pool size = 0, active threads = 0, queued tasks = 0, completed tasks = 0], outboundChannel[pool size = 0, active threads = 0, queued tasks = 0, completed tasks = 0], sockJsScheduler[pool size = 1, active threads = 1, queued tasks = 0, completed tasks = 0]
2024-08-07 00:50:51.377  INFO 16404 --- [http-nio-8081-exec-2] o.a.c.c.C.[Tomcat].[localhost].[/]       : Initializing Spring DispatcherServlet 'dispatcherServlet'
2024-08-07 00:50:51.377  INFO 16404 --- [http-nio-8081-exec-2] o.s.web.servlet.DispatcherServlet        : Initializing Servlet 'dispatcherServlet'
2024-08-07 00:50:51.380  INFO 16404 --- [http-nio-8081-exec-2] o.s.web.servlet.DispatcherServlet        : Completed initialization in 2 ms
2024-08-07 00:51:57.834  WARN 16404 --- [http-nio-8081-exec-3] o.s.s.c.bcrypt.BCryptPasswordEncoder     : Encoded password does not look like BCrypt
2024-08-07 00:55:35.604  WARN 16404 --- [http-nio-8081-exec-5] o.a.c.util.SessionIdGeneratorBase        : Creation of SecureRandom instance for session ID generation using [SHA1PRNG] took [371] milliseconds.
